2025-07-24 21:08:31,596 - INFO - Assets path configured: /Users/nvme256/Desktop/automator_wsp/assets
2025-07-24 21:08:31,599 - INFO - Starting up UDS server on /var/folders/r_/ncx7zzn57mdd5kzlrm61_0s00000gn/T/ZDm4u4bku5
2025-07-24 21:08:31,599 - INFO - Flet app has started...
2025-07-24 21:08:31,605 - INFO - App URL: /var/folders/r_/ncx7zzn57mdd5kzlrm61_0s00000gn/T/ZDm4u4bku5
2025-07-24 21:08:31,606 - INFO - Starting Flet View app...
2025-07-24 21:08:31,606 - INFO - Flet View found in: /Users/nvme256/.flet/bin/flet-0.27.0
2025-07-24 21:08:32,148 - INFO - App session started
2025-07-24 21:08:32,149 - INFO - Application started
2025-07-24 21:08:40,566 - ERROR - Future exception was never retrieved
future: <Future finished exception=AttributeError("'datetime.time' object has no attribute 'split'")>
Traceback (most recent call last):
  File "/Library/Frameworks/Python.framework/Versions/3.11/lib/python3.11/concurrent/futures/thread.py", line 58, in run
    result = self.fn(*self.args, **self.kwargs)
             ^^^^^^^^^^^^^^^^^^^^^^^^^^^^^^^^^^
  File "/Users/nvme256/Library/Python/3.11/lib/python/site-packages/flet/core/page.py", line 903, in wrapper
    handler(*args)
  File "/Users/nvme256/Desktop/automator_wsp/automator.py", line 248, in on_time_change
    hour, minute = e.control.value.split(":")
                   ^^^^^^^^^^^^^^^^^^^^^
AttributeError: 'datetime.time' object has no attribute 'split'
2025-07-24 21:08:41,598 - ERROR - Future exception was never retrieved
future: <Future finished exception=AttributeError("'datetime.time' object has no attribute 'split'")>
Traceback (most recent call last):
  File "/Library/Frameworks/Python.framework/Versions/3.11/lib/python3.11/concurrent/futures/thread.py", line 58, in run
    result = self.fn(*self.args, **self.kwargs)
             ^^^^^^^^^^^^^^^^^^^^^^^^^^^^^^^^^^
  File "/Users/nvme256/Library/Python/3.11/lib/python/site-packages/flet/core/page.py", line 903, in wrapper
    handler(*args)
  File "/Users/nvme256/Desktop/automator_wsp/automator.py", line 248, in on_time_change
    hour, minute = e.control.value.split(":")
                   ^^^^^^^^^^^^^^^^^^^^^
AttributeError: 'datetime.time' object has no attribute 'split'
2025-07-24 21:11:58,472 - INFO - Assets path configured: /Users/nvme256/Desktop/automator_wsp/assets
2025-07-24 21:11:58,477 - INFO - Starting up UDS server on /var/folders/r_/ncx7zzn57mdd5kzlrm61_0s00000gn/T/M8JUqYw1ek
2025-07-24 21:11:58,477 - INFO - Flet app has started...
2025-07-24 21:11:58,485 - INFO - App URL: /var/folders/r_/ncx7zzn57mdd5kzlrm61_0s00000gn/T/M8JUqYw1ek
2025-07-24 21:11:58,485 - INFO - Starting Flet View app...
2025-07-24 21:11:58,485 - INFO - Flet View found in: /Users/nvme256/.flet/bin/flet-0.27.0
2025-07-24 21:11:59,415 - INFO - App session started
2025-07-24 21:11:59,416 - INFO - Application started
2025-07-24 21:12:03,952 - ERROR - Notification error: No usable implementation found!
2025-07-24 21:12:03,952 - ERROR - Schedule failed: Invalid phone number format. Use + followed by country code and number.
2025-07-24 21:12:21,308 - INFO - Assets path configured: /Users/nvme256/Desktop/automator_wsp/assets
2025-07-24 21:12:21,311 - INFO - Starting up UDS server on /var/folders/r_/ncx7zzn57mdd5kzlrm61_0s00000gn/T/JzWpu7d22t
2025-07-24 21:12:21,314 - INFO - Flet app has started...
2025-07-24 21:12:21,319 - INFO - App URL: /var/folders/r_/ncx7zzn57mdd5kzlrm61_0s00000gn/T/JzWpu7d22t
2025-07-24 21:12:21,320 - INFO - Starting Flet View app...
2025-07-24 21:12:21,320 - INFO - Flet View found in: /Users/nvme256/.flet/bin/flet-0.27.0
2025-07-24 21:12:22,199 - INFO - App session started
2025-07-24 21:12:22,200 - INFO - Application started
2025-07-24 21:12:24,614 - ERROR - Notification error: No usable implementation found!
2025-07-24 21:12:24,614 - ERROR - Test send failed: Invalid phone number format. Use + followed by country code and number.
2025-07-24 21:12:48,648 - INFO - Test sending message to +56941228089
2025-07-24 21:13:33,038 - ERROR - Notification error: No usable implementation found!
2025-07-24 21:13:33,039 - INFO - Test message sent successfully to +56941228089
2025-07-24 21:13:54,593 - INFO - Test sending message to +56941228089
2025-07-24 21:14:22,657 - INFO - Test sending message to +56941228089
2025-07-24 21:14:38,907 - ERROR - Notification error: No usable implementation found!
2025-07-24 21:14:38,908 - INFO - Test message sent successfully to +56941228089
2025-07-24 21:14:45,772 - ERROR - Notification error: No usable implementation found!
2025-07-24 21:14:45,772 - INFO - Message scheduled for +56941228089 at 21:13
2025-07-24 21:14:45,822 - INFO - Background scheduler process started
2025-07-24 21:14:49,825 - INFO - Scheduled message for +56941228089 at 21:13
2025-07-24 21:15:06,760 - ERROR - Notification error: No usable implementation found!
2025-07-24 21:15:06,760 - INFO - Test message sent successfully to +56941228089
2025-07-24 21:15:14,032 - INFO - Application closed
2025-07-24 21:15:58,121 - INFO - Assets path configured: /Users/nvme256/Desktop/automator_wsp/assets
2025-07-24 21:15:58,124 - INFO - Starting up UDS server on /var/folders/r_/ncx7zzn57mdd5kzlrm61_0s00000gn/T/jHxYvGWZpt
2025-07-24 21:15:58,125 - INFO - Flet app has started...
2025-07-24 21:15:58,132 - INFO - App URL: /var/folders/r_/ncx7zzn57mdd5kzlrm61_0s00000gn/T/jHxYvGWZpt
2025-07-24 21:15:58,132 - INFO - Starting Flet View app...
2025-07-24 21:15:58,132 - INFO - Flet View found in: /Users/nvme256/.flet/bin/flet-0.27.0
2025-07-24 21:15:58,709 - INFO - App session started
2025-07-24 21:15:58,711 - INFO - Application started
2025-07-24 21:16:14,943 - INFO - Test sending message to +56941228089
2025-07-24 21:16:59,492 - ERROR - Notification error: No usable implementation found!
2025-07-24 21:16:59,494 - INFO - Test message sent successfully to +56941228089
2025-07-24 21:18:54,911 - ERROR - Notification error: No usable implementation found!
2025-07-24 21:18:54,913 - ERROR - Test send failed: Hour and minute must be valid numbers.
2025-07-24 21:19:00,663 - ERROR - Notification error: No usable implementation found!
2025-07-24 21:19:00,663 - ERROR - Test send failed: Hour and minute must be valid numbers.
2025-07-24 21:19:04,964 - INFO - Test sending message to +56962844716
2025-07-24 21:19:49,054 - ERROR - Notification error: No usable implementation found!
2025-07-24 21:19:49,054 - INFO - Test message sent successfully to +56962844716
2025-07-24 21:21:32,214 - INFO - Assets path configured: /Users/nvme256/Desktop/automator_wsp/assets
2025-07-24 21:21:32,216 - INFO - Starting up UDS server on /var/folders/r_/ncx7zzn57mdd5kzlrm61_0s00000gn/T/VT1L6gv4RQ
2025-07-24 21:21:32,217 - INFO - Flet app has started...
2025-07-24 21:21:32,224 - INFO - App URL: /var/folders/r_/ncx7zzn57mdd5kzlrm61_0s00000gn/T/VT1L6gv4RQ
2025-07-24 21:21:32,224 - INFO - Starting Flet View app...
2025-07-24 21:21:32,225 - INFO - Flet View found in: /Users/nvme256/.flet/bin/flet-0.27.0
2025-07-24 21:21:33,038 - INFO - App session started
2025-07-24 21:21:33,040 - INFO - Application started
2025-07-24 21:22:19,693 - INFO - Test sending message to +56941228089
2025-07-24 21:22:37,538 - INFO - Schedule saved on exit
2025-07-24 21:22:37,540 - ERROR - Error saving schedule on exit: 'NoneType' object has no attribute 'is_alive'
2025-07-24 21:22:37,541 - INFO - Application closed
2025-07-24 21:23:03,951 - ERROR - Error saving history: Event loop is closed
2025-07-24 21:23:04,011 - ERROR - Notification error: No usable implementation found!
2025-07-24 21:23:04,011 - INFO - Test message sent successfully to +56941228089
2025-07-24 21:27:22,987 - INFO - Assets path configured: /Users/nvme256/Desktop/automator_wsp/assets
2025-07-24 21:27:22,990 - INFO - Starting up UDS server on /var/folders/r_/ncx7zzn57mdd5kzlrm61_0s00000gn/T/eGUxgT8Of2
2025-07-24 21:27:22,990 - INFO - Flet app has started...
2025-07-24 21:27:22,999 - INFO - App URL: /var/folders/r_/ncx7zzn57mdd5kzlrm61_0s00000gn/T/eGUxgT8Of2
2025-07-24 21:27:22,999 - INFO - Starting Flet View app...
2025-07-24 21:27:23,000 - INFO - Flet View found in: /Users/nvme256/.flet/bin/flet-0.27.0
2025-07-24 21:27:23,753 - INFO - App session started
2025-07-24 21:27:23,754 - INFO - Application started
2025-07-24 21:34:12,316 - INFO - Assets path configured: /Users/nvme256/Desktop/automator_wsp/assets
2025-07-24 21:34:12,319 - INFO - Starting up UDS server on /var/folders/r_/ncx7zzn57mdd5kzlrm61_0s00000gn/T/KbCtabvOK5
2025-07-24 21:34:12,320 - INFO - Flet app has started...
2025-07-24 21:34:12,328 - INFO - App URL: /var/folders/r_/ncx7zzn57mdd5kzlrm61_0s00000gn/T/KbCtabvOK5
2025-07-24 21:34:12,328 - INFO - Starting Flet View app...
2025-07-24 21:34:12,328 - INFO - Flet View found in: /Users/nvme256/.flet/bin/flet-0.27.0
2025-07-24 21:34:13,352 - INFO - App session started
2025-07-24 21:34:13,353 - INFO - Application started
2025-07-24 21:39:41,996 - INFO - Assets path configured: /Users/nvme256/Desktop/automator_wsp/assets
2025-07-24 21:39:41,999 - INFO - Starting up UDS server on /var/folders/r_/ncx7zzn57mdd5kzlrm61_0s00000gn/T/EDhVAjaBo3
2025-07-24 21:39:41,999 - INFO - Flet app has started...
2025-07-24 21:39:42,007 - INFO - App URL: /var/folders/r_/ncx7zzn57mdd5kzlrm61_0s00000gn/T/EDhVAjaBo3
2025-07-24 21:39:42,008 - INFO - Starting Flet View app...
2025-07-24 21:39:42,008 - INFO - Flet View found in: /Users/nvme256/.flet/bin/flet-0.27.0
2025-07-24 21:39:42,937 - INFO - App session started
2025-07-24 21:39:42,938 - INFO - Application started
2025-07-24 21:40:04,941 - INFO - Assets path configured: /Users/nvme256/Desktop/automator_wsp/assets
2025-07-24 21:40:04,944 - INFO - Starting up UDS server on /var/folders/r_/ncx7zzn57mdd5kzlrm61_0s00000gn/T/fOuIpgcwXt
2025-07-24 21:40:04,944 - INFO - Flet app has started...
2025-07-24 21:40:04,952 - INFO - App URL: /var/folders/r_/ncx7zzn57mdd5kzlrm61_0s00000gn/T/fOuIpgcwXt
2025-07-24 21:40:04,952 - INFO - Starting Flet View app...
2025-07-24 21:40:04,952 - INFO - Flet View found in: /Users/nvme256/.flet/bin/flet-0.27.0
2025-07-24 21:40:05,697 - INFO - App session started
2025-07-24 21:40:05,699 - INFO - Application started
2025-07-24 21:44:42,129 - INFO - Assets path configured: /Users/nvme256/Desktop/automator_wsp/assets
2025-07-24 21:44:42,133 - INFO - Starting up UDS server on /var/folders/r_/ncx7zzn57mdd5kzlrm61_0s00000gn/T/BtKC2lCxib
2025-07-24 21:44:42,133 - INFO - Flet app has started...
2025-07-24 21:44:42,142 - INFO - App URL: /var/folders/r_/ncx7zzn57mdd5kzlrm61_0s00000gn/T/BtKC2lCxib
2025-07-24 21:44:42,142 - INFO - Starting Flet View app...
2025-07-24 21:44:42,142 - INFO - Flet View found in: /Users/nvme256/.flet/bin/flet-0.27.0
2025-07-24 21:44:42,889 - INFO - App session started
2025-07-24 21:44:42,889 - INFO - Application started
2025-07-24 21:44:47,157 - INFO - Test sending message to +56941228089
2025-07-24 21:45:31,267 - ERROR - Error saving history: Event loop is closed
2025-07-24 21:45:31,829 - ERROR - Notification error: No usable implementation found!
2025-07-24 21:45:31,829 - INFO - Test message sent successfully to +56941228089
2025-07-24 21:51:33,529 - INFO - Assets path configured: /Users/nvme256/Desktop/automator_wsp/assets
2025-07-24 21:51:33,540 - INFO - Starting up UDS server on /var/folders/r_/ncx7zzn57mdd5kzlrm61_0s00000gn/T/UziXTxZvZ0
2025-07-24 21:51:33,544 - INFO - Flet app has started...
2025-07-24 21:51:33,557 - INFO - App URL: /var/folders/r_/ncx7zzn57mdd5kzlrm61_0s00000gn/T/UziXTxZvZ0
2025-07-24 21:51:33,557 - INFO - Starting Flet View app...
2025-07-24 21:51:33,558 - INFO - Flet View found in: /Users/nvme256/.flet/bin/flet-0.27.0
2025-07-24 21:51:35,336 - INFO - App session started
2025-07-24 21:51:35,344 - INFO - Application started
2025-07-24 21:52:42,685 - INFO - Assets path configured: /Users/nvme256/Desktop/automator_wsp/assets
2025-07-24 21:52:42,688 - INFO - Starting up UDS server on /var/folders/r_/ncx7zzn57mdd5kzlrm61_0s00000gn/T/cfbR5BAvHX
2025-07-24 21:52:42,689 - INFO - Flet app has started...
2025-07-24 21:52:42,695 - INFO - App URL: /var/folders/r_/ncx7zzn57mdd5kzlrm61_0s00000gn/T/cfbR5BAvHX
2025-07-24 21:52:42,696 - INFO - Starting Flet View app...
2025-07-24 21:52:42,696 - INFO - Flet View found in: /Users/nvme256/.flet/bin/flet-0.27.0
2025-07-24 21:52:43,394 - INFO - App session started
2025-07-24 21:52:43,394 - INFO - Application started
2025-07-24 21:53:27,238 - INFO - Assets path configured: /Users/nvme256/Desktop/automator_wsp/assets
2025-07-24 21:53:27,245 - INFO - Starting up UDS server on /var/folders/r_/ncx7zzn57mdd5kzlrm61_0s00000gn/T/VnSwywKxIq
2025-07-24 21:53:27,248 - INFO - Flet app has started...
2025-07-24 21:53:27,259 - INFO - App URL: /var/folders/r_/ncx7zzn57mdd5kzlrm61_0s00000gn/T/VnSwywKxIq
2025-07-24 21:53:27,259 - INFO - Starting Flet View app...
2025-07-24 21:53:27,259 - INFO - Flet View found in: /Users/nvme256/.flet/bin/flet-0.27.0
2025-07-24 21:53:27,885 - INFO - App session started
2025-07-24 21:53:27,886 - INFO - Application started
2025-07-24 21:53:51,940 - INFO - Assets path configured: /Users/nvme256/Desktop/automator_wsp/assets
2025-07-24 21:53:51,943 - INFO - Starting up UDS server on /var/folders/r_/ncx7zzn57mdd5kzlrm61_0s00000gn/T/ZYYKKfLHVn
2025-07-24 21:53:51,945 - INFO - Flet app has started...
2025-07-24 21:53:51,949 - INFO - App URL: /var/folders/r_/ncx7zzn57mdd5kzlrm61_0s00000gn/T/ZYYKKfLHVn
2025-07-24 21:53:51,950 - INFO - Starting Flet View app...
2025-07-24 21:53:51,950 - INFO - Flet View found in: /Users/nvme256/.flet/bin/flet-0.27.0
2025-07-24 21:53:52,509 - INFO - App session started
2025-07-24 21:53:52,510 - INFO - Application started
2025-07-24 21:54:21,251 - INFO - Assets path configured: /Users/nvme256/Desktop/automator_wsp/assets
2025-07-24 21:54:21,253 - INFO - Starting up UDS server on /var/folders/r_/ncx7zzn57mdd5kzlrm61_0s00000gn/T/9eFrhx1YO9
2025-07-24 21:54:21,254 - INFO - Flet app has started...
2025-07-24 21:54:21,258 - INFO - App URL: /var/folders/r_/ncx7zzn57mdd5kzlrm61_0s00000gn/T/9eFrhx1YO9
2025-07-24 21:54:21,258 - INFO - Starting Flet View app...
2025-07-24 21:54:21,259 - INFO - Flet View found in: /Users/nvme256/.flet/bin/flet-0.27.0
2025-07-24 21:54:21,789 - INFO - App session started
2025-07-24 21:54:21,789 - INFO - Application started
